Change Component Footprint: Designator=R13 Old Footprint=0603 New Footprint=0805
Change Component Footprint: Designator=R14 Old Footprint=0603 New Footprint=0805
Change Component Footprint: Designator=R15 Old Footprint=0603 New Footprint=0805
Change Component Footprint: Designator=R18 Old Footprint=0603 New Footprint=0805
Change Component Footprint: Designator=R19 Old Footprint=0603 New Footprint=0805
Change Component Footprint: Designator=R21 Old Footprint=0603 New Footprint=0805
Change Component Footprint: Designator=R24 Old Footprint=0603 New Footprint=0805
Change Component Footprint: Designator=R25 Old Footprint=0603 New Footprint=0805
Change Component Footprint: Designator=C12 Old Footprint=0603 New Footprint=CAPC3216x130N
Change Component Footprint: Designator=C13 Old Footprint=0603 New Footprint=CAPC3216x130N
Change Component Footprint: Designator=R16 Old Footprint=0603 New Footprint=RESC3216x70N
Change Component Footprint: Designator=R17 Old Footprint=0603 New Footprint=RESC3216x70N
Change Component Footprint: Designator=R20 Old Footprint=0603 New Footprint=RESC3216x70N
Change Component Footprint: Designator=R22 Old Footprint=0603 New Footprint=RESC3216x70N
Change Component Footprint: Designator=R23 Old Footprint=0603 New Footprint=RESC3216x70N
Change Component Footprint: Designator=R10 Old Footprint=AXIAL-0.3 New Footprint=0603
Change Component Footprint: Designator=R27 Old Footprint=AXIAL-0.3 New Footprint=0603
Change Component Footprint: Designator=R3 Old Footprint=AXIAL-0.3 New Footprint=0805
Change Component Footprint: Designator=R4 Old Footprint=AXIAL-0.3 New Footprint=0805
Change Component Footprint: Designator=R5 Old Footprint=AXIAL-0.3 New Footprint=0805
Change Component Footprint: Designator=R7 Old Footprint=AXIAL-0.3 New Footprint=0805
Change Component Footprint: Designator=R9 Old Footprint=AXIAL-0.3 New Footprint=0805
Change Component Footprint: Designator=R11 Old Footprint=AXIAL-0.3 New Footprint=0805
Change Component Footprint: Designator=R12 Old Footprint=AXIAL-0.3 New Footprint=0805
Change Component Footprint: Designator=R26 Old Footprint=AXIAL-0.3 New Footprint=0805
Change Component Footprint: Designator=R28 Old Footprint=AXIAL-0.3 New Footprint=0805
Change Component Footprint: Designator=R29 Old Footprint=AXIAL-0.3 New Footprint=0805
Change Component Footprint: Designator=R30 Old Footprint=AXIAL-0.3 New Footprint=0805
Change Component Footprint: Designator=R31 Old Footprint=AXIAL-0.3 New Footprint=0805
Change Component Footprint: Designator=C2 Old Footprint=RAD-0.1 New Footprint=0805
Change Component Footprint: Designator=C3 Old Footprint=RAD-0.1 New Footprint=0805
Change Component Comment : Designator=C2 Old Comment=0.015uF New Comment=10nF
Change component parameters: Designator = "C2"; Footprint = "0805"; UniqueID = "\CLPLJYPI"
Change component parameters. Clean all parameters for all variants
Change component parameters (AddParameter): Name = "Package"; Value = "0805"; VariantName = "[No Variations]"
Change component parameters (AddParameter): Name = "Tolerance"; Value = "±10%"; VariantName = "[No Variations]"
Change component parameters (AddParameter): Name = "Value"; Value = "10nF"; VariantName = "[No Variations]"
Change component parameters (AddParameter): Name = "Voltage-Rated"; Value = "50V"; VariantName = "[No Variations]"
Change component parameters: Designator = "C3"; Footprint = "0805"; UniqueID = "\EFASYHGU"
Change component parameters. Clean all parameters for all variants
Change component parameters (AddParameter): Name = "Package"; Value = "0805"; VariantName = "[No Variations]"
Change component parameters (AddParameter): Name = "Tolerance"; Value = "±10%"; VariantName = "[No Variations]"
Change component parameters (AddParameter): Name = "Value"; Value = "10nF"; VariantName = "[No Variations]"
Change component parameters (AddParameter): Name = "Voltage-Rated"; Value = "50V"; VariantName = "[No Variations]"
