Removed Pin From Net: NetName=NetJ2_2 Pin=J20-1
Removed Pin From Net: NetName=NetJ2_5 Pin=J20-2
Removed Pin From Net: NetName=NetJ2_2 Pin=J21-1
Removed Pin From Net: NetName=NetJ2_4 Pin=J21-2
Removed Pin From Net: NetName=NetJ2_2 Pin=J22-1
Removed Pin From Net: NetName=NetJ2_3 Pin=J22-2
Removed Pin From Net: NetName=NetJ2_1 Pin=J23-1
Removed Pin From Net: NetName=NetJ2_5 Pin=J23-2
Removed Pin From Net: NetName=NetJ2_1 Pin=J24-1
Removed Pin From Net: NetName=NetJ2_4 Pin=J24-2
Removed Pin From Net: NetName=NetJ2_3 Pin=J25-2
Removed Pin From Net: NetName=NetJ2_1 Pin=R14-1
Added Component: Designator=R16(0805)
Add component. Clean all parameters for all variants
Add component (AddParameter): Name = "Package"; Value = "0603"; VariantName = "[No Variations]"
Add component (AddParameter): Name = "Tolerance"; Value = "1%"; VariantName = "[No Variations]"
Add component (AddParameter): Name = "Value"; Value = "10K"; VariantName = "[No Variations]"
Added Component: Designator=R17(0805)
Add component. Clean all parameters for all variants
Add component (AddParameter): Name = "Package"; Value = "0603"; VariantName = "[No Variations]"
Add component (AddParameter): Name = "Tolerance"; Value = "1%"; VariantName = "[No Variations]"
Add component (AddParameter): Name = "Value"; Value = "10K"; VariantName = "[No Variations]"
Added Component: Designator=R18(0805)
Add component. Clean all parameters for all variants
Add component (AddParameter): Name = "Package"; Value = "0603"; VariantName = "[No Variations]"
Add component (AddParameter): Name = "Tolerance"; Value = "1%"; VariantName = "[No Variations]"
Add component (AddParameter): Name = "Value"; Value = "10K"; VariantName = "[No Variations]"
Added Component: Designator=R19(0805)
Add component. Clean all parameters for all variants
Add component (AddParameter): Name = "Package"; Value = "0603"; VariantName = "[No Variations]"
Add component (AddParameter): Name = "Tolerance"; Value = "1%"; VariantName = "[No Variations]"
Add component (AddParameter): Name = "Value"; Value = "10K"; VariantName = "[No Variations]"
Added Pin To Net: NetName=GND Pin=J20-2
Added Pin To Net: NetName=NetJ2_5 Pin=J21-1
Added Pin To Net: NetName=GND Pin=J21-2
Added Pin To Net: NetName=NetJ2_4 Pin=J22-1
Added Pin To Net: NetName=GND Pin=J22-2
Added Pin To Net: NetName=NetJ2_2 Pin=J23-1
Added Pin To Net: NetName=GND Pin=J23-2
Added Pin To Net: NetName=NetJ2_3 Pin=J24-1
Added Pin To Net: NetName=GND Pin=J24-2
Added Pin To Net: NetName=GND Pin=J25-2
Added Pin To Net: NetName=NetJ2_3 Pin=R16-1
Added Pin To Net: NetName=+3.3v Pin=R16-2
Added Pin To Net: NetName=NetJ2_5 Pin=R17-1
Added Pin To Net: NetName=+3.3v Pin=R17-2
Added Pin To Net: NetName=NetJ2_1 Pin=R18-1
Added Pin To Net: NetName=+3.3v Pin=R18-2
Added Pin To Net: NetName=NetJ2_4 Pin=R19-1
Added Pin To Net: NetName=+3.3v Pin=R19-2
Added Pin To Net: NetName=NetJ2_6 Pin=J2-6
Added Pin To Net: NetName=NetJ2_6 Pin=J20-1
Added Pin To Net: NetName=NetJ2_6 Pin=R14-1
Added Net: Name=NetJ2_6
Added Member To Class: ClassName=connectors Member=Component R16 10K
Added Member To Class: ClassName=connectors Member=Component R17 10K
Added Member To Class: ClassName=connectors Member=Component R18 10K
Added Member To Class: ClassName=connectors Member=Component R19 10K
