Removed Member From Class: ClassName=pump Member=R20
Removed Member From Class: ClassName=connectors Member=R26
Removed Member From Class: ClassName=adc Member=R27
Removed Member From Class: ClassName=connectors Member=R27
Change Component Designator: OldDesignator=C10 NewDesignator=C5
Change Component Designator: OldDesignator=C11 NewDesignator=C6
Change Component Designator: OldDesignator=C12 NewDesignator=C7
Change Component Designator: OldDesignator=C13 NewDesignator=C8
Change Component Designator: OldDesignator=R12 NewDesignator=R14
Change Component Designator: OldDesignator=R13 NewDesignator=R26
Change Component Designator: OldDesignator=R14 NewDesignator=R27
Change Component Designator: OldDesignator=R15 NewDesignator=R30
Change Component Designator: OldDesignator=R16 NewDesignator=R20
Change Component Designator: OldDesignator=R17 NewDesignator=R24
Change Component Designator: OldDesignator=R18 NewDesignator=R21
Change Component Designator: OldDesignator=R19 NewDesignator=R25
Change Component Designator: OldDesignator=R20 NewDesignator=R18
Change Component Designator: OldDesignator=R21 NewDesignator=R19
Change Component Designator: OldDesignator=R24 NewDesignator=R23
Change Component Designator: OldDesignator=R26 NewDesignator=R15
Change Component Designator: OldDesignator=R26 NewDesignator=R28
Change Component Designator: OldDesignator=R27 NewDesignator=R12
Change Component Designator: OldDesignator=R27 NewDesignator=R29
Change Component Designator: OldDesignator=R28 NewDesignator=R18
Change Component Designator: OldDesignator=R28 NewDesignator=R31
Change Component Designator: OldDesignator=R29 NewDesignator=R16
Change Component Designator: OldDesignator=R29 NewDesignator=R32
Change Component Designator: OldDesignator=R30 NewDesignator=R17
Change Component Designator: OldDesignator=R31 NewDesignator=R13
Added Component: Designator=J15(MOLEX2)
Add component. Clean all parameters for all variants
Add component (AddParameter): Name = "LatestRevisionDate"; Value = "17-Jul-2002"; VariantName = "[No Variations]"
Add component (AddParameter): Name = "LatestRevisionNote"; Value = "Re-released for DXP Platform."; VariantName = "[No Variations]"
Add component (AddParameter): Name = "Publisher"; Value = "Altium Limited"; VariantName = "[No Variations]"
Added Pin To Net: NetName=+5v Pin=J15-1
Added Pin To Net: NetName=NetJ15_2 Pin=J15-2
Change Net Name : Old Net Name=NetC10_1 New Net Name=NetC5_1
Change Net Name : Old Net Name=NetC10_2 New Net Name=NetC5_2
Change Net Name : Old Net Name=NetR26_2 New Net Name=NetR15_2
Change Net Name : Old Net Name=NetR27_2 New Net Name=NetR12_2
Added Member To Class: ClassName=connectors Member=Component J15 Pump 5
Added Member To Class: ClassName=adc Member=Component R14 33K
Added Member To Class: ClassName=pump Member=Component R25 10K
Added Member To Class: ClassName=connectors Member=Component R31 10K
Added Member To Class: ClassName=connectors Member=Component R32 10K
