Removed Pin From Net: NetName=NetD1_1 Pin=D1-1
Removed Pin From Net: NetName=NetD2_1 Pin=D2-1
Removed Pin From Net: NetName=NetD2_2 Pin=D3-1
Removed Pin From Net: NetName=NetD1_2 Pin=D3-2
Removed Pin From Net: NetName=NetD1_1 Pin=D4-2
Removed Pin From Net: NetName=+3.3v Pin=P1-2
Removed Pin From Net: NetName=GND Pin=P1-3
Removed Pin From Net: NetName=NetD1_2 Pin=R6-2
Removed Pin From Net: NetName=NetC8_1 Pin=R8-1
Removed Pin From Net: NetName=NetC9_1 Pin=R8-2
Removed Pin From Net: NetName=NetD1_2 Pin=R9-1
Removed Pin From Net: NetName=NetC8_1 Pin=R9-2
Removed Pin From Net: NetName=NetD4_1 Pin=R11-1
Removed Pin From Net: NetName=NetD1_2 Pin=R11-2
Removed Pin From Net: NetName=NetD2_2 Pin=U2-7
Removed Pin From Net: NetName=NetD4_1 Pin=U2-13
Removed Pin From Net: NetName=NetD1_1 Pin=U2-14
Added Pin To Net: NetName=NetD2_1 Pin=D1-1
Added Pin To Net: NetName=NetD1_2 Pin=D2-1
Added Pin To Net: NetName=NetD1_1 Pin=D3-1
Added Pin To Net: NetName=NetD4_1 Pin=D3-2
Added Pin To Net: NetName=NetD2_2 Pin=D4-2
Added Pin To Net: NetName=GND Pin=P1-2
Added Pin To Net: NetName=+3.3v Pin=P1-3
Added Pin To Net: NetName=NetD2_2 Pin=R6-2
Added Pin To Net: NetName=NetD2_2 Pin=R8-1
Added Pin To Net: NetName=NetC8_1 Pin=R8-2
Added Pin To Net: NetName=NetC8_1 Pin=R9-1
Added Pin To Net: NetName=NetC9_1 Pin=R9-2
Added Pin To Net: NetName=NetD1_1 Pin=R11-1
Added Pin To Net: NetName=NetD2_2 Pin=R11-2
Added Pin To Net: NetName=NetD1_2 Pin=U2-7
Added Pin To Net: NetName=NetD1_1 Pin=U2-13
Added Pin To Net: NetName=NetD4_1 Pin=U2-14
Change Net Name : Old Net Name=NetD1_1 New Net Name=NetD3_1
Change Net Name : Old Net Name=NetD2_1 New Net Name=NetD1_1
Change Net Name : Old Net Name=NetD4_1 New Net Name=NetD3_2
