Added Component: Designator=C1(0603)
Add component. Clean all parameters for all variants
Add component (AddParameter): Name = "Package"; Value = "0603"; VariantName = "[No Variations]"
Add component (AddParameter): Name = "Tolerance"; Value = "±10%"; VariantName = "[No Variations]"
Add component (AddParameter): Name = "Value"; Value = "0.1uF"; VariantName = "[No Variations]"
Add component (AddParameter): Name = "Voltage-Rated"; Value = "6.3V"; VariantName = "[No Variations]"
Added Component: Designator=C2(0603)
Add component. Clean all parameters for all variants
Add component (AddParameter): Name = "Package"; Value = "0603"; VariantName = "[No Variations]"
Add component (AddParameter): Name = "Tolerance"; Value = "±10%"; VariantName = "[No Variations]"
Add component (AddParameter): Name = "Value"; Value = "4.7uF"; VariantName = "[No Variations]"
Add component (AddParameter): Name = "Voltage-Rated"; Value = "6.3V"; VariantName = "[No Variations]"
Added Component: Designator=C3(0603)
Add component. Clean all parameters for all variants
Add component (AddParameter): Name = "Package"; Value = "0603"; VariantName = "[No Variations]"
Add component (AddParameter): Name = "Tolerance"; Value = "±10%"; VariantName = "[No Variations]"
Add component (AddParameter): Name = "Value"; Value = "0.1uF"; VariantName = "[No Variations]"
Add component (AddParameter): Name = "Voltage-Rated"; Value = "6.3V"; VariantName = "[No Variations]"
Added Component: Designator=C4(0603)
Add component. Clean all parameters for all variants
Add component (AddParameter): Name = "Package"; Value = "0603"; VariantName = "[No Variations]"
Add component (AddParameter): Name = "Tolerance"; Value = "±10%"; VariantName = "[No Variations]"
Add component (AddParameter): Name = "Value"; Value = "1nF"; VariantName = "[No Variations]"
Add component (AddParameter): Name = "Voltage-Rated"; Value = "6.3V"; VariantName = "[No Variations]"
Added Component: Designator=C5(0603)
Add component. Clean all parameters for all variants
Add component (AddParameter): Name = "Package"; Value = "0603"; VariantName = "[No Variations]"
Add component (AddParameter): Name = "Tolerance"; Value = "±10%"; VariantName = "[No Variations]"
Add component (AddParameter): Name = "Value"; Value = "0.1uF"; VariantName = "[No Variations]"
Add component (AddParameter): Name = "Voltage-Rated"; Value = "6.3V"; VariantName = "[No Variations]"
Added Component: Designator=C6(0603)
Add component. Clean all parameters for all variants
Add component (AddParameter): Name = "Package"; Value = "0603"; VariantName = "[No Variations]"
Add component (AddParameter): Name = "Tolerance"; Value = "±10%"; VariantName = "[No Variations]"
Add component (AddParameter): Name = "Value"; Value = "4.7uF"; VariantName = "[No Variations]"
Add component (AddParameter): Name = "Voltage-Rated"; Value = "6.3V"; VariantName = "[No Variations]"
Added Component: Designator=C7(0603)
Add component. Clean all parameters for all variants
Add component (AddParameter): Name = "Package"; Value = "0603"; VariantName = "[No Variations]"
Add component (AddParameter): Name = "Tolerance"; Value = "±10%"; VariantName = "[No Variations]"
Add component (AddParameter): Name = "Value"; Value = "0.1uF"; VariantName = "[No Variations]"
Add component (AddParameter): Name = "Voltage-Rated"; Value = "50V"; VariantName = "[No Variations]"
Added Component: Designator=C8(0603)
Add component. Clean all parameters for all variants
Add component (AddParameter): Name = "Package"; Value = "0603"; VariantName = "[No Variations]"
Add component (AddParameter): Name = "Tolerance"; Value = "±10%"; VariantName = "[No Variations]"
Add component (AddParameter): Name = "Value"; Value = "0.1uF"; VariantName = "[No Variations]"
Add component (AddParameter): Name = "Voltage-Rated"; Value = "6.3V"; VariantName = "[No Variations]"
Added Component: Designator=C9(0603)
Add component. Clean all parameters for all variants
Add component (AddParameter): Name = "Package"; Value = "0603"; VariantName = "[No Variations]"
Add component (AddParameter): Name = "Tolerance"; Value = "±10%"; VariantName = "[No Variations]"
Add component (AddParameter): Name = "Value"; Value = "0.1uF"; VariantName = "[No Variations]"
Add component (AddParameter): Name = "Voltage-Rated"; Value = "6.3V"; VariantName = "[No Variations]"
Added Component: Designator=D1(SOD80C)
Add component. Clean all parameters for all variants
Added Component: Designator=D2(SOD80C)
Add component. Clean all parameters for all variants
Added Component: Designator=D3(SOD80C)
Add component. Clean all parameters for all variants
Added Component: Designator=D4(SOD80C)
Add component. Clean all parameters for all variants
Added Component: Designator=D5(DO214AC (SMA))
Add component. Clean all parameters for all variants
Add component (AddParameter): Name = "2ndMfgr"; Value = ""; VariantName = "[No Variations]"
Add component (AddParameter): Name = "3rdMfgr"; Value = ""; VariantName = "[No Variations]"
Add component (AddParameter): Name = "Package"; Value = "DO214AA (SMB)"; VariantName = "[No Variations]"
Add component (AddParameter): Name = "Value"; Value = "B340A7otro"; VariantName = "[No Variations]"
Add component (AddParameter): Name = "Voltage-Rated"; Value = "40V"; VariantName = "[No Variations]"
Added Component: Designator=P1(HDR1X3H)
Add component. Clean all parameters for all variants
Add component (AddParameter): Name = "LatestRevisionDate"; Value = "17-Jul-2002"; VariantName = "[No Variations]"
Add component (AddParameter): Name = "LatestRevisionNote"; Value = "Re-released for DXP Platform."; VariantName = "[No Variations]"
Add component (AddParameter): Name = "Publisher"; Value = "Altium Limited"; VariantName = "[No Variations]"
Added Component: Designator=P2(HDR1X2H)
Add component. Clean all parameters for all variants
Add component (AddParameter): Name = "LatestRevisionDate"; Value = "17-Jul-2002"; VariantName = "[No Variations]"
Add component (AddParameter): Name = "LatestRevisionNote"; Value = "Re-released for DXP Platform."; VariantName = "[No Variations]"
Add component (AddParameter): Name = "Publisher"; Value = "Altium Limited"; VariantName = "[No Variations]"
Added Component: Designator=R1(0603)
Add component. Clean all parameters for all variants
Add component (AddParameter): Name = "Package"; Value = "0603"; VariantName = "[No Variations]"
Add component (AddParameter): Name = "Tolerance"; Value = "1%"; VariantName = "[No Variations]"
Add component (AddParameter): Name = "Value"; Value = "100K"; VariantName = "[No Variations]"
Added Component: Designator=R2(0603)
Add component. Clean all parameters for all variants
Add component (AddParameter): Name = "Package"; Value = "0603"; VariantName = "[No Variations]"
Add component (AddParameter): Name = "Tolerance"; Value = "1%"; VariantName = "[No Variations]"
Add component (AddParameter): Name = "Value"; Value = "6.8K"; VariantName = "[No Variations]"
Added Component: Designator=R3(0603)
Add component. Clean all parameters for all variants
Add component (AddParameter): Name = "Package"; Value = "0603"; VariantName = "[No Variations]"
Add component (AddParameter): Name = "Tolerance"; Value = "1%"; VariantName = "[No Variations]"
Add component (AddParameter): Name = "Value"; Value = "10K"; VariantName = "[No Variations]"
Added Component: Designator=R4(0603)
Add component. Clean all parameters for all variants
Add component (AddParameter): Name = "Package"; Value = "0603"; VariantName = "[No Variations]"
Add component (AddParameter): Name = "Tolerance"; Value = "1%"; VariantName = "[No Variations]"
Add component (AddParameter): Name = "Value"; Value = "100K"; VariantName = "[No Variations]"
Added Component: Designator=R5(0603)
Add component. Clean all parameters for all variants
Add component (AddParameter): Name = "Package"; Value = "0603"; VariantName = "[No Variations]"
Add component (AddParameter): Name = "Tolerance"; Value = "1%"; VariantName = "[No Variations]"
Add component (AddParameter): Name = "Value"; Value = "10K"; VariantName = "[No Variations]"
Added Component: Designator=R6(0603)
Add component. Clean all parameters for all variants
Add component (AddParameter): Name = "Package"; Value = "0603"; VariantName = "[No Variations]"
Add component (AddParameter): Name = "Tolerance"; Value = "1%"; VariantName = "[No Variations]"
Add component (AddParameter): Name = "Value"; Value = "10K"; VariantName = "[No Variations]"
Added Component: Designator=R7(0603)
Add component. Clean all parameters for all variants
Add component (AddParameter): Name = "Package"; Value = "0603"; VariantName = "[No Variations]"
Add component (AddParameter): Name = "Tolerance"; Value = "1%"; VariantName = "[No Variations]"
Add component (AddParameter): Name = "Value"; Value = "10K"; VariantName = "[No Variations]"
Added Component: Designator=R8(0603)
Add component. Clean all parameters for all variants
Add component (AddParameter): Name = "Package"; Value = "0603"; VariantName = "[No Variations]"
Add component (AddParameter): Name = "Tolerance"; Value = "1%"; VariantName = "[No Variations]"
Add component (AddParameter): Name = "Value"; Value = "10K"; VariantName = "[No Variations]"
Added Component: Designator=R9(0603)
Add component. Clean all parameters for all variants
Add component (AddParameter): Name = "Package"; Value = "0603"; VariantName = "[No Variations]"
Add component (AddParameter): Name = "Tolerance"; Value = "1%"; VariantName = "[No Variations]"
Add component (AddParameter): Name = "Value"; Value = "10K"; VariantName = "[No Variations]"
Added Component: Designator=R10(0603)
Add component. Clean all parameters for all variants
Add component (AddParameter): Name = "Package"; Value = "0603"; VariantName = "[No Variations]"
Add component (AddParameter): Name = "Tolerance"; Value = "1%"; VariantName = "[No Variations]"
Add component (AddParameter): Name = "Value"; Value = "5.6K"; VariantName = "[No Variations]"
Added Component: Designator=R11(0603)
Add component. Clean all parameters for all variants
Add component (AddParameter): Name = "Package"; Value = "0603"; VariantName = "[No Variations]"
Add component (AddParameter): Name = "Tolerance"; Value = "1%"; VariantName = "[No Variations]"
Add component (AddParameter): Name = "Value"; Value = "10K"; VariantName = "[No Variations]"
Added Component: Designator=R12(0603)
Add component. Clean all parameters for all variants
Add component (AddParameter): Name = "Package"; Value = "0603"; VariantName = "[No Variations]"
Add component (AddParameter): Name = "Tolerance"; Value = "1%"; VariantName = "[No Variations]"
Add component (AddParameter): Name = "Value"; Value = "1M"; VariantName = "[No Variations]"
Added Component: Designator=U1(DIP-16)
Add component. Clean all parameters for all variants
Added Component: Designator=U2(SO-14_N)
Add component. Clean all parameters for all variants
Added Pin To Net: NetName=GND Pin=C1-1
Added Pin To Net: NetName=+3.3v Pin=C1-2
Added Pin To Net: NetName=GND Pin=C2-1
Added Pin To Net: NetName=+3.3v Pin=C2-2
Added Pin To Net: NetName=GND Pin=C3-1
Added Pin To Net: NetName=+3.3v Pin=C3-2
Added Pin To Net: NetName=NetC4_1 Pin=C4-1
Added Pin To Net: NetName=NetC4_2 Pin=C4-2
Added Pin To Net: NetName=GND Pin=C5-1
Added Pin To Net: NetName=-3.3v Pin=C5-2
Added Pin To Net: NetName=-3.3v Pin=C6-1
Added Pin To Net: NetName=GND Pin=C6-2
Added Pin To Net: NetName=-3.3v Pin=C7-1
Added Pin To Net: NetName=GND Pin=C7-2
Added Pin To Net: NetName=NetC8_1 Pin=C8-1
Added Pin To Net: NetName=GND Pin=C8-2
Added Pin To Net: NetName=NetC9_1 Pin=C9-1
Added Pin To Net: NetName=GND Pin=C9-2
Added Pin To Net: NetName=NetD1_1 Pin=D1-1
Added Pin To Net: NetName=NetD1_2 Pin=D1-2
Added Pin To Net: NetName=NetD2_1 Pin=D2-1
Added Pin To Net: NetName=NetD2_2 Pin=D2-2
Added Pin To Net: NetName=NetD2_2 Pin=D3-1
Added Pin To Net: NetName=NetD1_2 Pin=D3-2
Added Pin To Net: NetName=NetD4_1 Pin=D4-1
Added Pin To Net: NetName=NetD1_1 Pin=D4-2
Added Pin To Net: NetName=GND Pin=D5-1
Added Pin To Net: NetName=NetC9_1 Pin=D5-2
Added Pin To Net: NetName=NetC9_1 Pin=P1-1
Added Pin To Net: NetName=+3.3v Pin=P1-2
Added Pin To Net: NetName=GND Pin=P1-3
Added Pin To Net: NetName=NetP2_1 Pin=P2-1
Added Pin To Net: NetName=NetP2_2 Pin=P2-2
Added Pin To Net: NetName=NetC4_1 Pin=R1-1
Added Pin To Net: NetName=NetR1_2 Pin=R1-2
Added Pin To Net: NetName=NetP2_2 Pin=R2-1
Added Pin To Net: NetName=NetR2_2 Pin=R2-2
Added Pin To Net: NetName=NetR3_1 Pin=R3-1
Added Pin To Net: NetName=NetR3_2 Pin=R3-2
Added Pin To Net: NetName=NetR2_2 Pin=R4-1
Added Pin To Net: NetName=NetR4_2 Pin=R4-2
Added Pin To Net: NetName=NetC4_1 Pin=R5-1
Added Pin To Net: NetName=NetR5_2 Pin=R5-2
Added Pin To Net: NetName=NetD2_1 Pin=R6-1
Added Pin To Net: NetName=NetD1_2 Pin=R6-2
Added Pin To Net: NetName=NetR3_1 Pin=R7-1
Added Pin To Net: NetName=NetD2_1 Pin=R7-2
Added Pin To Net: NetName=NetC8_1 Pin=R8-1
Added Pin To Net: NetName=NetC9_1 Pin=R8-2
Added Pin To Net: NetName=NetD1_2 Pin=R9-1
Added Pin To Net: NetName=NetC8_1 Pin=R9-2
Added Pin To Net: NetName=NetP2_1 Pin=R10-1
Added Pin To Net: NetName=NetR3_1 Pin=R10-2
Added Pin To Net: NetName=NetD4_1 Pin=R11-1
Added Pin To Net: NetName=NetD1_2 Pin=R11-2
Added Pin To Net: NetName=NetP2_1 Pin=R12-1
Added Pin To Net: NetName=GND Pin=R12-2
Added Pin To Net: NetName=NetR4_2 Pin=U1-7
Added Pin To Net: NetName=-3.3v Pin=U1-8
Added Pin To Net: NetName=NetR5_2 Pin=U1-9
Added Pin To Net: NetName=NetC4_2 Pin=U1-10
Added Pin To Net: NetName=NetR1_2 Pin=U1-11
Added Pin To Net: NetName=-3.3v Pin=U1-12
Added Pin To Net: NetName=+3.3v Pin=U1-16
Added Pin To Net: NetName=NetP2_2 Pin=U2-1
Added Pin To Net: NetName=NetR2_2 Pin=U2-2
Added Pin To Net: NetName=GND Pin=U2-3
Added Pin To Net: NetName=+3.3v Pin=U2-4
Added Pin To Net: NetName=GND Pin=U2-5
Added Pin To Net: NetName=NetD2_1 Pin=U2-6
Added Pin To Net: NetName=NetD2_2 Pin=U2-7
Added Pin To Net: NetName=NetR3_1 Pin=U2-8
Added Pin To Net: NetName=NetP2_1 Pin=U2-9
Added Pin To Net: NetName=GND Pin=U2-10
Added Pin To Net: NetName=-3.3v Pin=U2-11
Added Pin To Net: NetName=NetR3_2 Pin=U2-12
Added Pin To Net: NetName=NetD4_1 Pin=U2-13
Added Pin To Net: NetName=NetD1_1 Pin=U2-14
Added Member To Class: ClassName=Sheet1 Member=Component C1 0.1uF
Added Member To Class: ClassName=Sheet1 Member=Component C2 4.7uF
Added Member To Class: ClassName=Sheet1 Member=Component C3 0.1uF
Added Member To Class: ClassName=Sheet1 Member=Component C4 1nF
Added Member To Class: ClassName=Sheet1 Member=Component C5 0.1uF
Added Member To Class: ClassName=Sheet1 Member=Component C6 4.7uF
Added Member To Class: ClassName=Sheet1 Member=Component C7 0.1uF
Added Member To Class: ClassName=Sheet1 Member=Component C8 0.1uF
Added Member To Class: ClassName=Sheet1 Member=Component C9 0.1uF
Added Member To Class: ClassName=Sheet1 Member=Component D1 DL4148
Added Member To Class: ClassName=Sheet1 Member=Component D2 DL4148
Added Member To Class: ClassName=Sheet1 Member=Component D3 DL4148
Added Member To Class: ClassName=Sheet1 Member=Component D4 DL4148
Added Member To Class: ClassName=Sheet1 Member=Component D5 ¡¡DES!!
Added Member To Class: ClassName=Sheet1 Member=Component P1 Header 3H
Added Member To Class: ClassName=Sheet1 Member=Component P2 Header 2H
Added Member To Class: ClassName=Sheet1 Member=Component R1 100K
Added Member To Class: ClassName=Sheet1 Member=Component R2 6.8K
Added Member To Class: ClassName=Sheet1 Member=Component R3 10K
Added Member To Class: ClassName=Sheet1 Member=Component R4 100K
Added Member To Class: ClassName=Sheet1 Member=Component R5 10K
Added Member To Class: ClassName=Sheet1 Member=Component R6 10K
Added Member To Class: ClassName=Sheet1 Member=Component R7 10K
Added Member To Class: ClassName=Sheet1 Member=Component R8 10K
Added Member To Class: ClassName=Sheet1 Member=Component R9 10K
Added Member To Class: ClassName=Sheet1 Member=Component R10 5.6K
Added Member To Class: ClassName=Sheet1 Member=Component R11 10K
Added Member To Class: ClassName=Sheet1 Member=Component R12 1M
Added Member To Class: ClassName=Sheet1 Member=Component U1 CD4060BM
Added Member To Class: ClassName=Sheet1 Member=Component U2 LMV324
